Performing C SOURCE FILE Test CMAKE_HAVE_LIBC_PTHREAD failed with the following output:
Change Dir: /home/shapelim/git/ikd-Tree/cmake-build-release/CMakeFiles/CMakeTmp

Run Build Command(s):/usr/bin/make cmTC_26364/fast && /usr/bin/make  -f CMakeFiles/cmTC_26364.dir/build.make CMakeFiles/cmTC_26364.dir/build
make[1]: Entering directory '/home/shapelim/git/ikd-Tree/cmake-build-release/CMakeFiles/CMakeTmp'
Building C object CMakeFiles/cmTC_26364.dir/src.c.o
/usr/bin/cc -DCMAKE_HAVE_LIBC_PTHREAD   -o CMakeFiles/cmTC_26364.dir/src.c.o -c /home/shapelim/git/ikd-Tree/cmake-build-release/CMakeFiles/CMakeTmp/src.c
Linking C executable cmTC_26364
/home/shapelim/Downloads/clion-2021.1.1/bin/cmake/linux/bin/cmake -E cmake_link_script CMakeFiles/cmTC_26364.dir/link.txt --verbose=1
/usr/bin/cc -rdynamic CMakeFiles/cmTC_26364.dir/src.c.o -o cmTC_26364 
CMakeFiles/cmTC_26364.dir/src.c.o: In function `main':
src.c:(.text+0x3e): undefined reference to `pthread_create'
src.c:(.text+0x4a): undefined reference to `pthread_detach'
src.c:(.text+0x56): undefined reference to `pthread_cancel'
src.c:(.text+0x67): undefined reference to `pthread_join'
src.c:(.text+0x7b): undefined reference to `pthread_atfork'
collect2: error: ld returned 1 exit status
CMakeFiles/cmTC_26364.dir/build.make:105: recipe for target 'cmTC_26364' failed
make[1]: *** [cmTC_26364] Error 1
make[1]: Leaving directory '/home/shapelim/git/ikd-Tree/cmake-build-release/CMakeFiles/CMakeTmp'
Makefile:140: recipe for target 'cmTC_26364/fast' failed
make: *** [cmTC_26364/fast] Error 2


Source file was:
#include <pthread.h>

static void* test_func(void* data)
{
  return data;
}

int main(void)
{
  pthread_t thread;
  pthread_create(&thread, NULL, test_func, NULL);
  pthread_detach(thread);
  pthread_cancel(thread);
  pthread_join(thread, NULL);
  pthread_atfork(NULL, NULL, NULL);
  pthread_exit(NULL);

  return 0;
}

Determining if the function pthread_create exists in the pthreads failed with the following output:
Change Dir: /home/shapelim/git/ikd-Tree/cmake-build-release/CMakeFiles/CMakeTmp

Run Build Command(s):/usr/bin/make cmTC_b3449/fast && /usr/bin/make  -f CMakeFiles/cmTC_b3449.dir/build.make CMakeFiles/cmTC_b3449.dir/build
make[1]: Entering directory '/home/shapelim/git/ikd-Tree/cmake-build-release/CMakeFiles/CMakeTmp'
Building C object CMakeFiles/cmTC_b3449.dir/CheckFunctionExists.c.o
/usr/bin/cc   -DCHECK_FUNCTION_EXISTS=pthread_create -o CMakeFiles/cmTC_b3449.dir/CheckFunctionExists.c.o -c /home/shapelim/Downloads/clion-2021.1.1/bin/cmake/linux/share/cmake-3.19/Modules/CheckFunctionExists.c
Linking C executable cmTC_b3449
/home/shapelim/Downloads/clion-2021.1.1/bin/cmake/linux/bin/cmake -E cmake_link_script CMakeFiles/cmTC_b3449.dir/link.txt --verbose=1
/usr/bin/cc  -DCHECK_FUNCTION_EXISTS=pthread_create -rdynamic CMakeFiles/cmTC_b3449.dir/CheckFunctionExists.c.o -o cmTC_b3449  -lpthreads 
/usr/bin/ld: cannot find -lpthreads
collect2: error: ld returned 1 exit status
CMakeFiles/cmTC_b3449.dir/build.make:105: recipe for target 'cmTC_b3449' failed
make[1]: *** [cmTC_b3449] Error 1
make[1]: Leaving directory '/home/shapelim/git/ikd-Tree/cmake-build-release/CMakeFiles/CMakeTmp'
Makefile:140: recipe for target 'cmTC_b3449/fast' failed
make: *** [cmTC_b3449/fast] Error 2



